e:\mes documents\amaury\developpement\c++\lo21_projet\debug\vc142.pdb
e:\mes documents\amaury\developpement\c++\lo21_projet\debug\vc142.idb
e:\mes documents\amaury\developpement\c++\lo21_projet\debug\action.sbr
e:\mes documents\amaury\developpement\c++\lo21_projet\debug\computer.sbr
e:\mes documents\amaury\developpement\c++\lo21_projet\debug\litfactory.sbr
e:\mes documents\amaury\developpement\c++\lo21_projet\debug\litteral.sbr
e:\mes documents\amaury\developpement\c++\lo21_projet\debug\main.sbr
e:\mes documents\amaury\developpement\c++\lo21_projet\debug\operand.sbr
e:\mes documents\amaury\developpement\c++\lo21_projet\debug\operator.sbr
e:\mes documents\amaury\developpement\c++\lo21_projet\debug\opefactory.sbr
e:\mes documents\amaury\developpement\c++\lo21_projet\debug\pile.sbr
e:\mes documents\amaury\developpement\c++\lo21_projet\debug\pile.obj
e:\mes documents\amaury\developpement\c++\lo21_projet\debug\opefactory.obj
e:\mes documents\amaury\developpement\c++\lo21_projet\debug\operator.obj
e:\mes documents\amaury\developpement\c++\lo21_projet\debug\operand.obj
e:\mes documents\amaury\developpement\c++\lo21_projet\debug\main.obj
e:\mes documents\amaury\developpement\c++\lo21_projet\debug\litteral.obj
e:\mes documents\amaury\developpement\c++\lo21_projet\debug\litfactory.obj
e:\mes documents\amaury\developpement\c++\lo21_projet\debug\computer.obj
e:\mes documents\amaury\developpement\c++\lo21_projet\debug\action.obj
e:\mes documents\amaury\developpement\c++\lo21_projet\debug\lo21_projet.exe
e:\mes documents\amaury\developpement\c++\lo21_projet\debug\lo21_projet.ilk
e:\mes documents\amaury\developpement\c++\lo21_projet\debug\lo21_projet.pdb
e:\mes documents\amaury\developpement\c++\lo21_projet\debug\lo21_projet.bsc
e:\mes documents\amaury\developpement\c++\lo21_projet\debug\lo21_projet.tlog\bscmake.command.1.tlog
e:\mes documents\amaury\developpement\c++\lo21_projet\debug\lo21_projet.tlog\bscmake.read.1.tlog
e:\mes documents\amaury\developpement\c++\lo21_projet\debug\lo21_projet.tlog\cl.command.1.tlog
e:\mes documents\amaury\developpement\c++\lo21_projet\debug\lo21_projet.tlog\cl.read.1.tlog
e:\mes documents\amaury\developpement\c++\lo21_projet\debug\lo21_projet.tlog\cl.write.1.tlog
e:\mes documents\amaury\developpement\c++\lo21_projet\debug\lo21_projet.tlog\link.command.1.tlog
e:\mes documents\amaury\developpement\c++\lo21_projet\debug\lo21_projet.tlog\link.read.1.tlog
e:\mes documents\amaury\developpement\c++\lo21_projet\debug\lo21_projet.tlog\link.write.1.tlog
